<?xml version="1.0" encoding="UTF-8"?>
<testsuite xmlns:xsi="http://www.w3.org/2001/XMLSchema-instance" xsi:noNamespaceSchemaLocation="https://maven.apache.org/surefire/maven-surefire-plugin/xsd/surefire-test-report-3.0.xsd" version="3.0" name="io.vertx.nms.http.ApiServerTest" time="3.213" tests="11" errors="0" skipped="0" failures="0">
  <properties>
    <property name="java.specification.version" value="17"/>
    <property name="sun.jnu.encoding" value="UTF-8"/>
    <property name="java.class.path" value="/home/jenil/Documents/NMS_Server/target/test-classes:/home/jenil/Documents/NMS_Server/target/classes:/home/jenil/.m2/repository/io/vertx/vertx-core/4.5.8/vertx-core-4.5.8.jar:/home/jenil/.m2/repository/io/netty/netty-common/4.1.110.Final/netty-common-4.1.110.Final.jar:/home/jenil/.m2/repository/io/netty/netty-buffer/4.1.110.Final/netty-buffer-4.1.110.Final.jar:/home/jenil/.m2/repository/io/netty/netty-transport/4.1.110.Final/netty-transport-4.1.110.Final.jar:/home/jenil/.m2/repository/io/netty/netty-handler/4.1.110.Final/netty-handler-4.1.110.Final.jar:/home/jenil/.m2/repository/io/netty/netty-transport-native-unix-common/4.1.110.Final/netty-transport-native-unix-common-4.1.110.Final.jar:/home/jenil/.m2/repository/io/netty/netty-codec/4.1.110.Final/netty-codec-4.1.110.Final.jar:/home/jenil/.m2/repository/io/netty/netty-handler-proxy/4.1.110.Final/netty-handler-proxy-4.1.110.Final.jar:/home/jenil/.m2/repository/io/netty/netty-codec-socks/4.1.110.Final/netty-codec-socks-4.1.110.Final.jar:/home/jenil/.m2/repository/io/netty/netty-codec-http/4.1.110.Final/netty-codec-http-4.1.110.Final.jar:/home/jenil/.m2/repository/io/netty/netty-codec-http2/4.1.110.Final/netty-codec-http2-4.1.110.Final.jar:/home/jenil/.m2/repository/io/netty/netty-resolver/4.1.110.Final/netty-resolver-4.1.110.Final.jar:/home/jenil/.m2/repository/io/netty/netty-resolver-dns/4.1.110.Final/netty-resolver-dns-4.1.110.Final.jar:/home/jenil/.m2/repository/io/netty/netty-codec-dns/4.1.110.Final/netty-codec-dns-4.1.110.Final.jar:/home/jenil/.m2/repository/com/fasterxml/jackson/core/jackson-core/2.16.1/jackson-core-2.16.1.jar:/home/jenil/.m2/repository/io/vertx/vertx-web/4.5.8/vertx-web-4.5.8.jar:/home/jenil/.m2/repository/io/vertx/vertx-web-common/4.5.8/vertx-web-common-4.5.8.jar:/home/jenil/.m2/repository/io/vertx/vertx-auth-common/4.5.8/vertx-auth-common-4.5.8.jar:/home/jenil/.m2/repository/io/vertx/vertx-bridge-common/4.5.8/vertx-bridge-common-4.5.8.jar:/home/jenil/.m2/repository/io/vertx/vertx-junit5/4.5.1/vertx-junit5-4.5.1.jar:/home/jenil/.m2/repository/org/junit/jupiter/junit-jupiter-params/5.8.2/junit-jupiter-params-5.8.2.jar:/home/jenil/.m2/repository/io/vertx/vertx-web-client/4.5.1/vertx-web-client-4.5.1.jar:/home/jenil/.m2/repository/io/vertx/vertx-uri-template/4.5.8/vertx-uri-template-4.5.8.jar:/home/jenil/.m2/repository/io/vertx/vertx-pg-client/4.5.8/vertx-pg-client-4.5.8.jar:/home/jenil/.m2/repository/io/vertx/vertx-sql-client/4.5.8/vertx-sql-client-4.5.8.jar:/home/jenil/.m2/repository/org/zeromq/jeromq/0.5.2/jeromq-0.5.2.jar:/home/jenil/.m2/repository/eu/neilalexander/jnacl/1.0.0/jnacl-1.0.0.jar:/home/jenil/.m2/repository/com/fasterxml/jackson/core/jackson-databind/2.15.2/jackson-databind-2.15.2.jar:/home/jenil/.m2/repository/com/fasterxml/jackson/core/jackson-annotations/2.16.1/jackson-annotations-2.16.1.jar:/home/jenil/.m2/repository/org/slf4j/slf4j-api/2.0.16/slf4j-api-2.0.16.jar:/home/jenil/.m2/repository/ch/qos/logback/logback-classic/1.5.16/logback-classic-1.5.16.jar:/home/jenil/.m2/repository/ch/qos/logback/logback-core/1.5.16/logback-core-1.5.16.jar:/home/jenil/.m2/repository/org/junit/jupiter/junit-jupiter-api/5.8.2/junit-jupiter-api-5.8.2.jar:/home/jenil/.m2/repository/org/opentest4j/opentest4j/1.2.0/opentest4j-1.2.0.jar:/home/jenil/.m2/repository/org/junit/platform/junit-platform-commons/1.8.2/junit-platform-commons-1.8.2.jar:/home/jenil/.m2/repository/org/apiguardian/apiguardian-api/1.1.2/apiguardian-api-1.1.2.jar:/home/jenil/.m2/repository/org/junit/jupiter/junit-jupiter-engine/5.8.2/junit-jupiter-engine-5.8.2.jar:/home/jenil/.m2/repository/org/junit/platform/junit-platform-engine/1.8.2/junit-platform-engine-1.8.2.jar:/home/jenil/.m2/repository/io/vertx/vertx-unit/4.4.4/vertx-unit-4.4.4.jar:/home/jenil/.m2/repository/com/github/javafaker/javafaker/1.0.2/javafaker-1.0.2.jar:/home/jenil/.m2/repository/org/apache/commons/commons-lang3/3.5/commons-lang3-3.5.jar:/home/jenil/.m2/repository/org/yaml/snakeyaml/1.23/snakeyaml-1.23-android.jar:/home/jenil/.m2/repository/com/github/mifmif/generex/1.0.2/generex-1.0.2.jar:/home/jenil/.m2/repository/dk/brics/automaton/automaton/1.11-8/automaton-1.11-8.jar:/home/jenil/.m2/repository/com/github/ben-manes/caffeine/caffeine/3.1.8/caffeine-3.1.8.jar:/home/jenil/.m2/repository/org/checkerframework/checker-qual/3.37.0/checker-qual-3.37.0.jar:/home/jenil/.m2/repository/com/google/errorprone/error_prone_annotations/2.21.1/error_prone_annotations-2.21.1.jar:/home/jenil/.m2/repository/commons-codec/commons-codec/1.16.0/commons-codec-1.16.0.jar:"/>
    <property name="java.vm.vendor" value="Ubuntu"/>
    <property name="sun.arch.data.model" value="64"/>
    <property name="java.vendor.url" value="https://ubuntu.com/"/>
    <property name="user.timezone" value="Asia/Kolkata"/>
    <property name="os.name" value="Linux"/>
    <property name="java.vm.specification.version" value="17"/>
    <property name="sun.java.launcher" value="SUN_STANDARD"/>
    <property name="user.country" value="IN"/>
    <property name="sun.boot.library.path" value="/usr/lib/jvm/java-17-openjdk-amd64/lib"/>
    <property name="sun.java.command" value="/home/jenil/Documents/NMS_Server/target/surefire/surefirebooter-20250329152700728_3.jar /home/jenil/Documents/NMS_Server/target/surefire 2025-03-29T15-27-00_655-jvmRun1 surefire-20250329152700728_1tmp surefire_0-20250329152700728_2tmp"/>
    <property name="jdk.debug" value="release"/>
    <property name="surefire.test.class.path" value="/home/jenil/Documents/NMS_Server/target/test-classes:/home/jenil/Documents/NMS_Server/target/classes:/home/jenil/.m2/repository/io/vertx/vertx-core/4.5.8/vertx-core-4.5.8.jar:/home/jenil/.m2/repository/io/netty/netty-common/4.1.110.Final/netty-common-4.1.110.Final.jar:/home/jenil/.m2/repository/io/netty/netty-buffer/4.1.110.Final/netty-buffer-4.1.110.Final.jar:/home/jenil/.m2/repository/io/netty/netty-transport/4.1.110.Final/netty-transport-4.1.110.Final.jar:/home/jenil/.m2/repository/io/netty/netty-handler/4.1.110.Final/netty-handler-4.1.110.Final.jar:/home/jenil/.m2/repository/io/netty/netty-transport-native-unix-common/4.1.110.Final/netty-transport-native-unix-common-4.1.110.Final.jar:/home/jenil/.m2/repository/io/netty/netty-codec/4.1.110.Final/netty-codec-4.1.110.Final.jar:/home/jenil/.m2/repository/io/netty/netty-handler-proxy/4.1.110.Final/netty-handler-proxy-4.1.110.Final.jar:/home/jenil/.m2/repository/io/netty/netty-codec-socks/4.1.110.Final/netty-codec-socks-4.1.110.Final.jar:/home/jenil/.m2/repository/io/netty/netty-codec-http/4.1.110.Final/netty-codec-http-4.1.110.Final.jar:/home/jenil/.m2/repository/io/netty/netty-codec-http2/4.1.110.Final/netty-codec-http2-4.1.110.Final.jar:/home/jenil/.m2/repository/io/netty/netty-resolver/4.1.110.Final/netty-resolver-4.1.110.Final.jar:/home/jenil/.m2/repository/io/netty/netty-resolver-dns/4.1.110.Final/netty-resolver-dns-4.1.110.Final.jar:/home/jenil/.m2/repository/io/netty/netty-codec-dns/4.1.110.Final/netty-codec-dns-4.1.110.Final.jar:/home/jenil/.m2/repository/com/fasterxml/jackson/core/jackson-core/2.16.1/jackson-core-2.16.1.jar:/home/jenil/.m2/repository/io/vertx/vertx-web/4.5.8/vertx-web-4.5.8.jar:/home/jenil/.m2/repository/io/vertx/vertx-web-common/4.5.8/vertx-web-common-4.5.8.jar:/home/jenil/.m2/repository/io/vertx/vertx-auth-common/4.5.8/vertx-auth-common-4.5.8.jar:/home/jenil/.m2/repository/io/vertx/vertx-bridge-common/4.5.8/vertx-bridge-common-4.5.8.jar:/home/jenil/.m2/repository/io/vertx/vertx-junit5/4.5.1/vertx-junit5-4.5.1.jar:/home/jenil/.m2/repository/org/junit/jupiter/junit-jupiter-params/5.8.2/junit-jupiter-params-5.8.2.jar:/home/jenil/.m2/repository/io/vertx/vertx-web-client/4.5.1/vertx-web-client-4.5.1.jar:/home/jenil/.m2/repository/io/vertx/vertx-uri-template/4.5.8/vertx-uri-template-4.5.8.jar:/home/jenil/.m2/repository/io/vertx/vertx-pg-client/4.5.8/vertx-pg-client-4.5.8.jar:/home/jenil/.m2/repository/io/vertx/vertx-sql-client/4.5.8/vertx-sql-client-4.5.8.jar:/home/jenil/.m2/repository/org/zeromq/jeromq/0.5.2/jeromq-0.5.2.jar:/home/jenil/.m2/repository/eu/neilalexander/jnacl/1.0.0/jnacl-1.0.0.jar:/home/jenil/.m2/repository/com/fasterxml/jackson/core/jackson-databind/2.15.2/jackson-databind-2.15.2.jar:/home/jenil/.m2/repository/com/fasterxml/jackson/core/jackson-annotations/2.16.1/jackson-annotations-2.16.1.jar:/home/jenil/.m2/repository/org/slf4j/slf4j-api/2.0.16/slf4j-api-2.0.16.jar:/home/jenil/.m2/repository/ch/qos/logback/logback-classic/1.5.16/logback-classic-1.5.16.jar:/home/jenil/.m2/repository/ch/qos/logback/logback-core/1.5.16/logback-core-1.5.16.jar:/home/jenil/.m2/repository/org/junit/jupiter/junit-jupiter-api/5.8.2/junit-jupiter-api-5.8.2.jar:/home/jenil/.m2/repository/org/opentest4j/opentest4j/1.2.0/opentest4j-1.2.0.jar:/home/jenil/.m2/repository/org/junit/platform/junit-platform-commons/1.8.2/junit-platform-commons-1.8.2.jar:/home/jenil/.m2/repository/org/apiguardian/apiguardian-api/1.1.2/apiguardian-api-1.1.2.jar:/home/jenil/.m2/repository/org/junit/jupiter/junit-jupiter-engine/5.8.2/junit-jupiter-engine-5.8.2.jar:/home/jenil/.m2/repository/org/junit/platform/junit-platform-engine/1.8.2/junit-platform-engine-1.8.2.jar:/home/jenil/.m2/repository/io/vertx/vertx-unit/4.4.4/vertx-unit-4.4.4.jar:/home/jenil/.m2/repository/com/github/javafaker/javafaker/1.0.2/javafaker-1.0.2.jar:/home/jenil/.m2/repository/org/apache/commons/commons-lang3/3.5/commons-lang3-3.5.jar:/home/jenil/.m2/repository/org/yaml/snakeyaml/1.23/snakeyaml-1.23-android.jar:/home/jenil/.m2/repository/com/github/mifmif/generex/1.0.2/generex-1.0.2.jar:/home/jenil/.m2/repository/dk/brics/automaton/automaton/1.11-8/automaton-1.11-8.jar:/home/jenil/.m2/repository/com/github/ben-manes/caffeine/caffeine/3.1.8/caffeine-3.1.8.jar:/home/jenil/.m2/repository/org/checkerframework/checker-qual/3.37.0/checker-qual-3.37.0.jar:/home/jenil/.m2/repository/com/google/errorprone/error_prone_annotations/2.21.1/error_prone_annotations-2.21.1.jar:/home/jenil/.m2/repository/commons-codec/commons-codec/1.16.0/commons-codec-1.16.0.jar:"/>
    <property name="sun.cpu.endian" value="little"/>
    <property name="user.home" value="/home/jenil"/>
    <property name="user.language" value="en"/>
    <property name="java.specification.vendor" value="Oracle Corporation"/>
    <property name="java.version.date" value="2025-01-21"/>
    <property name="java.home" value="/usr/lib/jvm/java-17-openjdk-amd64"/>
    <property name="file.separator" value="/"/>
    <property name="basedir" value="/home/jenil/Documents/NMS_Server"/>
    <property name="java.vm.compressedOopsMode" value="Zero based"/>
    <property name="line.separator" value="&#10;"/>
    <property name="java.vm.specification.vendor" value="Oracle Corporation"/>
    <property name="java.specification.name" value="Java Platform API Specification"/>
    <property name="surefire.real.class.path" value="/home/jenil/Documents/NMS_Server/target/surefire/surefirebooter-20250329152700728_3.jar"/>
    <property name="sun.management.compiler" value="HotSpot 64-Bit Tiered Compilers"/>
    <property name="java.runtime.version" value="17.0.14+7-Ubuntu-120.04"/>
    <property name="user.name" value="jenil"/>
    <property name="path.separator" value=":"/>
    <property name="os.version" value="5.15.0-131-generic"/>
    <property name="java.runtime.name" value="OpenJDK Runtime Environment"/>
    <property name="file.encoding" value="UTF-8"/>
    <property name="java.vm.name" value="OpenJDK 64-Bit Server VM"/>
    <property name="localRepository" value="/home/jenil/.m2/repository"/>
    <property name="java.vendor.url.bug" value="https://bugs.launchpad.net/ubuntu/+source/openjdk-17"/>
    <property name="java.io.tmpdir" value="/tmp"/>
    <property name="java.version" value="17.0.14"/>
    <property name="user.dir" value="/home/jenil/Documents/NMS_Server"/>
    <property name="os.arch" value="amd64"/>
    <property name="java.vm.specification.name" value="Java Virtual Machine Specification"/>
    <property name="native.encoding" value="UTF-8"/>
    <property name="java.library.path" value="/usr/java/packages/lib:/usr/lib/x86_64-linux-gnu/jni:/lib/x86_64-linux-gnu:/usr/lib/x86_64-linux-gnu:/usr/lib/jni:/lib:/usr/lib"/>
    <property name="java.vm.info" value="mixed mode, sharing"/>
    <property name="java.vendor" value="Ubuntu"/>
    <property name="java.vm.version" value="17.0.14+7-Ubuntu-120.04"/>
    <property name="java.specification.maintenance.version" value="1"/>
    <property name="sun.io.unicode.encoding" value="UnicodeLittle"/>
    <property name="java.class.version" value="61.0"/>
  </properties>
  <testcase name="testDiscoveryRun(VertxTestContext)" classname="io.vertx.nms.http.ApiServerTest" time="2.526">
    <system-out><![CDATA[2025-03-29 15:27:21 [main] INFO  io.vertx.nms.http.ApiServerTest - Killed existing go_plugin if any.
2025-03-29 15:27:21 [main] INFO  io.vertx.nms.http.ApiServerTest - go_plugin started successfully.
2025-03-29 15:27:22 [vert.x-eventloop-thread-1] INFO  io.vertx.nms.http.ApiServer - HTTP Server is listening on port 8080
2025-03-29 15:27:22 [vert.x-eventloop-thread-3] INFO  io.vertx.nms.database.Database - Checked and ensured tables exist.
2025-03-29 15:27:22 [vert.x-eventloop-thread-3] INFO  io.vertx.nms.database.Database -  DatabaseVerticle Eventbus is ready to listen
2025-03-29 15:27:22 [vert.x-eventloop-thread-4] DEBUG io.vertx.nms.messaging.ZmqMessenger - zmq message verticle
2025-03-29 15:27:22 [vert.x-eventloop-thread-1] INFO  io.vertx.nms.http.ApiServer - Discovery Run/:97
2025-03-29 15:27:22 [vert.x-eventloop-thread-3] INFO  io.vertx.nms.database.Database - Executing query: select dp.id, dp.ip, dp.port, cp.id as credential_profile_id, cp.system_type, cp.credentials from discovery_profiles dp join credential_profile cp on dp.credential_profile_id = cp.id where dp.id = $1
2025-03-29 15:27:22 [vert.x-eventloop-thread-3] INFO  io.vertx.nms.database.Database - Inserting into cache for query: select dp.id, dp.ip, dp.port, cp.id as credential_profile_id, cp.system_type, cp.credentials from discovery_profiles dp join credential_profile cp on dp.credential_profile_id = cp.id where dp.id = $1 with 1 rows
2025-03-29 15:27:22 [vert.x-eventloop-thread-1] INFO  io.vertx.nms.http.Service - Found IP for request: 192.168.92.223
2025-03-29 15:27:24 [vert.x-eventloop-thread-1] INFO  io.vertx.nms.http.Service - ZMQ Response: {"community":"public","data":{"systemName":"jenil-ThinkPad-T14s-Gen-1"},"ip":"192.168.92.223","pluginType":"snmp","port":161,"requestType":"discovery","status":"success","version":"2c"}
2025-03-29 15:27:24 [vert.x-eventloop-thread-3] INFO  io.vertx.nms.database.Database - Executing query: update discovery_profiles set status = $1 where id = $2
]]></system-out>
  </testcase>
  <testcase name="testCredentialProfileGet(VertxTestContext)" classname="io.vertx.nms.http.ApiServerTest" time="0.01">
    <system-out><![CDATA[2025-03-29 15:27:24 [vert.x-eventloop-thread-1] INFO  io.vertx.nms.http.ApiServer - CredentialHandler Get/:1
2025-03-29 15:27:24 [vert.x-eventloop-thread-3] INFO  io.vertx.nms.database.Database - Executing query: select * from credential_profile where id = $1
2025-03-29 15:27:24 [vert.x-eventloop-thread-3] INFO  io.vertx.nms.database.Database - Inserting into cache for query: select * from credential_profile where id = $1 with 1 rows
]]></system-out>
  </testcase>
  <testcase name="testGetInterfacesByError(VertxTestContext)" classname="io.vertx.nms.http.ApiServerTest" time="0.04">
    <system-out><![CDATA[2025-03-29 15:27:24 [vert.x-eventloop-thread-3] INFO  io.vertx.nms.database.Database - Executing query: with latest_polling as (
    select
        pj.ip,
        interface->>'interface.name' as interface_name,
        coalesce((interface->>'interface.sent.error.packets')::int, 0) +
        coalesce((interface->>'interface.received.error.packets')::int, 0) as total_errors
    from provisioning_jobs pj
    join lateral (
        select pd.data as interfaces
        from provision_data pd
        where pd.job_id = pj.id
        and pd.data->'interfaces' is not null
        order by to_timestamp(pd.polled_at / 1000.0) desc
        limit 1
    ) latest_pd on true
    cross join jsonb_array_elements(latest_pd.interfaces->'interfaces') as interface
)
select ip, interface_name, total_errors, rank
from (
    select
        ip,
        interface_name,
        total_errors,
        dense_rank() over (order by total_errors desc) as rank
    from latest_polling
    where total_errors > 0
) ranked
where rank <= 10;
2025-03-29 15:27:24 [vert.x-eventloop-thread-3] INFO  io.vertx.nms.database.Database - Skipping cache for query: with latest_polling as (
    select
        pj.ip,
        interface->>'interface.name' as interface_name,
        coalesce((interface->>'interface.sent.error.packets')::int, 0) +
        coalesce((interface->>'interface.received.error.packets')::int, 0) as total_errors
    from provisioning_jobs pj
    join lateral (
        select pd.data as interfaces
        from provision_data pd
        where pd.job_id = pj.id
        and pd.data->'interfaces' is not null
        order by to_timestamp(pd.polled_at / 1000.0) desc
        limit 1
    ) latest_pd on true
    cross join jsonb_array_elements(latest_pd.interfaces->'interfaces') as interface
)
select ip, interface_name, total_errors, rank
from (
    select
        ip,
        interface_name,
        total_errors,
        dense_rank() over (order by total_errors desc) as rank
    from latest_polling
    where total_errors > 0
) ranked
where rank <= 10; - either result too large (9 rows) or involves provision_data
]]></system-out>
  </testcase>
  <testcase name="testGetInterfacesBySpeed(VertxTestContext)" classname="io.vertx.nms.http.ApiServerTest" time="0.059">
    <system-out><![CDATA[2025-03-29 15:27:24 [vert.x-eventloop-thread-3] INFO  io.vertx.nms.database.Database - Executing query: with latest_polling as (
            select
                pj.ip,
                interface->>'interface.name' as interface_name,
                (interface->>'interface.speed')::bigint as speed
            from provisioning_jobs pj
            join lateral (
                select pd.data->'interfaces' as interfaces
                from provision_data pd
                where pd.job_id = pj.id
                and pd.data->'interfaces' is not null
                order by to_timestamp(pd.polled_at / 1000.0) desc
                limit 1
            ) latest_pd on true
            cross join jsonb_array_elements(latest_pd.interfaces) as interface
            where (interface->>'interface.speed') is not null
            and (interface->>'interface.speed') ~ '^[0-9]+$'
            and (interface->>'interface.speed')::bigint > 0
        )
        select ip, interface_name, speed, rank
        from (
            select
                ip,
                interface_name,
                speed,
                dense_rank() over (order by speed desc) as rank
            from latest_polling
        ) ranked
        where rank <= 10;
2025-03-29 15:27:24 [vert.x-eventloop-thread-3] INFO  io.vertx.nms.database.Database - Skipping cache for query: with latest_polling as (
            select
                pj.ip,
                interface->>'interface.name' as interface_name,
                (interface->>'interface.speed')::bigint as speed
            from provisioning_jobs pj
            join lateral (
                select pd.data->'interfaces' as interfaces
                from provision_data pd
                where pd.job_id = pj.id
                and pd.data->'interfaces' is not null
                order by to_timestamp(pd.polled_at / 1000.0) desc
                limit 1
            ) latest_pd on true
            cross join jsonb_array_elements(latest_pd.interfaces) as interface
            where (interface->>'interface.speed') is not null
            and (interface->>'interface.speed') ~ '^[0-9]+$'
            and (interface->>'interface.speed')::bigint > 0
        )
        select ip, interface_name, speed, rank
        from (
            select
                ip,
                interface_name,
                speed,
                dense_rank() over (order by speed desc) as rank
            from latest_polling
        ) ranked
        where rank <= 10; - either result too large (220 rows) or involves provision_data
]]></system-out>
  </testcase>
  <testcase name="testCredentialProfileCreate(VertxTestContext)" classname="io.vertx.nms.http.ApiServerTest" time="0.092">
    <system-out><![CDATA[2025-03-29 15:27:24 [vert.x-eventloop-thread-1] INFO  io.vertx.nms.http.ApiServer - CredentialHandler Post
2025-03-29 15:27:24 [vert.x-eventloop-thread-3] INFO  io.vertx.nms.database.Database - Executing query: insert into credential_profile (credential_profile_name, system_type, credentials) values ($1, $2, $3)
]]></system-out>
  </testcase>
  <testcase name="testCredentialProfileUpdate(VertxTestContext)" classname="io.vertx.nms.http.ApiServerTest" time="0.018">
    <system-out><![CDATA[2025-03-29 15:27:24 [vert.x-eventloop-thread-1] INFO  io.vertx.nms.http.ApiServer - CredentialHandler Put/:1
2025-03-29 15:27:24 [vert.x-eventloop-thread-3] INFO  io.vertx.nms.database.Database - Executing query: update credential_profile set credential_profile_name = $1, system_type = $2, credentials = $3 where id = $4
]]></system-out>
  </testcase>
  <testcase name="testUpdateProvisionStatus(VertxTestContext)" classname="io.vertx.nms.http.ApiServerTest" time="0.019">
    <system-out><![CDATA[2025-03-29 15:27:24 [vert.x-eventloop-thread-1] INFO  io.vertx.nms.http.ApiServer - ProvisionHandler PUT provision start/ 2
2025-03-29 15:27:24 [vert.x-eventloop-thread-3] INFO  io.vertx.nms.database.Database - Executing query: select * from discovery_profiles where id = $1
2025-03-29 15:27:24 [vert.x-eventloop-thread-3] INFO  io.vertx.nms.database.Database - Inserting into cache for query: select * from discovery_profiles where id = $1 with 1 rows
2025-03-29 15:27:24 [vert.x-eventloop-thread-3] INFO  io.vertx.nms.database.Database - Executing query: insert into provisioning_jobs (credential_profile_id, ip, port) values ($1, $2, $3)
2025-03-29 15:27:24 [vert.x-eventloop-thread-3] ERROR io.vertx.nms.database.Database - Database query failed: ERROR: duplicate key value violates unique constraint "provisioning_jobs_ip_key" (23505)
2025-03-29 15:27:24 [vert.x-eventloop-thread-3] INFO  io.vertx.nms.database.Database - Executing query: select id, deleted from provisioning_jobs where ip = $1
2025-03-29 15:27:24 [vert.x-eventloop-thread-3] INFO  io.vertx.nms.database.Database - Inserting into cache for query: select id, deleted from provisioning_jobs where ip = $1 with 1 rows
]]></system-out>
  </testcase>
  <testcase name="testDiscoveryProfileGet(VertxTestContext)" classname="io.vertx.nms.http.ApiServerTest" time="0.01">
    <system-out><![CDATA[2025-03-29 15:27:24 [vert.x-eventloop-thread-1] INFO  io.vertx.nms.http.ApiServer - Discovery Get/: 1
2025-03-29 15:27:24 [vert.x-eventloop-thread-3] INFO  io.vertx.nms.database.Database - Executing query: select * from discovery_profiles where id = $1
2025-03-29 15:27:24 [vert.x-eventloop-thread-3] INFO  io.vertx.nms.database.Database - Inserting into cache for query: select * from discovery_profiles where id = $1 with 1 rows
]]></system-out>
  </testcase>
  <testcase name="testDiscoveryProfileCreate(VertxTestContext)" classname="io.vertx.nms.http.ApiServerTest" time="0.051">
    <system-out><![CDATA[2025-03-29 15:27:25 [vert.x-eventloop-thread-1] INFO  io.vertx.nms.http.ApiServer - Discovery Post/: 
2025-03-29 15:27:25 [vert.x-eventloop-thread-3] INFO  io.vertx.nms.database.Database - Executing query: insert into discovery_profiles (discovery_profile_name, credential_profile_id, ip, port) values ($1, $2, $3, $4)
]]></system-out>
  </testcase>
  <testcase name="testGetProvisionData(VertxTestContext)" classname="io.vertx.nms.http.ApiServerTest" time="0.066">
    <system-out><![CDATA[2025-03-29 15:27:25 [vert.x-eventloop-thread-1] INFO  io.vertx.nms.http.ApiServer - ProvisionHandler GET /data/:discoveryProfileID 1
2025-03-29 15:27:25 [vert.x-eventloop-thread-3] INFO  io.vertx.nms.database.Database - Executing query: select data, polled_at from provision_data where job_id = $1 order by polled_at desc
2025-03-29 15:27:25 [vert.x-eventloop-thread-3] INFO  io.vertx.nms.database.Database - Skipping cache for query: select data, polled_at from provision_data where job_id = $1 order by polled_at desc - either result too large (62 rows) or involves provision_data
]]></system-out>
  </testcase>
  <testcase name="testDiscoveryProfileUpdate(VertxTestContext)" classname="io.vertx.nms.http.ApiServerTest" time="0.028">
    <system-out><![CDATA[2025-03-29 15:27:25 [vert.x-eventloop-thread-1] INFO  io.vertx.nms.http.ApiServer - Discovery Put/:1
2025-03-29 15:27:25 [vert.x-eventloop-thread-3] INFO  io.vertx.nms.database.Database - Executing query: select * from discovery_profiles where id = $1
2025-03-29 15:27:25 [vert.x-eventloop-thread-3] INFO  io.vertx.nms.database.Database - Inserting into cache for query: select * from discovery_profiles where id = $1 with 1 rows
2025-03-29 15:27:25 [vert.x-eventloop-thread-3] INFO  io.vertx.nms.database.Database - Executing query: update discovery_profiles set discovery_profile_name = $1, ip = $2, port = $3, credential_profile_id = $4 where id = $5
]]></system-out>
  </testcase>
</testsuite>